{"timestamp": "2025-11-01T12:06:30.304684", "action": "restart_service_graceful", "result": false, "details": {"success": false, "execution_time": 0.06589746475219727, "message": "Failed to restart web_server", "error": "'systemctl' is not recognized as an internal or external command,\noperable program or batch file.\n"}}
{"timestamp": "2025-11-01T12:06:30.383701", "action": "restart_service_graceful", "result": false, "details": {"success": false, "execution_time": 0.0646507740020752, "message": "Failed to restart api_service", "error": "'pm2' is not recognized as an internal or external command,\noperable program or batch file.\n"}}
{"timestamp": "2025-11-01T12:07:15.167165", "action": "scale_horizontal", "result": true, "details": {"success": true, "execution_time": 1.0002171993255615, "message": "Simulated scaling api_service to 3 instances", "simulated": true}}
{"timestamp": "2025-11-01T12:07:59.267804", "action": "rollback_deployment", "result": false, "details": {"success": false, "execution_time": 0.30179715156555176, "message": "Rollback failed for web_server", "commands_executed": [{"command": "git log --oneline -n 5", "returncode": 0, "stdout": "1ab5fec first commit\n", "stderr": ""}, {"command": "git reset --hard HEAD~1", "returncode": 128, "stdout": "", "stderr": "fatal: ambiguous argument 'HEAD~1': unknown revision or path not in the working tree.\nUse '--' to separate paths from revisions, like this:\n'git <command> [<revision>...] -- [<file>...]'\n"}, {"command": "docker-compose up -d web_server", "returncode": 1, "stdout": "", "stderr": "'docker-compose' is not recognized as an internal or external command,\noperable program or batch file.\n"}]}}
{"timestamp": "2025-11-01T12:08:00.280262", "action": "scale_horizontal", "result": true, "details": {"success": true, "execution_time": 1.0005953311920166, "message": "Simulated scaling api_service to 3 instances", "simulated": true}}
{"timestamp": "2025-11-01T12:08:44.359888", "action": "rollback_deployment", "result": false, "details": {"success": false, "execution_time": 0.30271148681640625, "message": "Rollback failed for web_server", "commands_executed": [{"command": "git log --oneline -n 5", "returncode": 0, "stdout": "1ab5fec first commit\n", "stderr": ""}, {"command": "git reset --hard HEAD~1", "returncode": 128, "stdout": "", "stderr": "fatal: ambiguous argument 'HEAD~1': unknown revision or path not in the working tree.\nUse '--' to separate paths from revisions, like this:\n'git <command> [<revision>...] -- [<file>...]'\n"}, {"command": "docker-compose up -d web_server", "returncode": 1, "stdout": "", "stderr": "'docker-compose' is not recognized as an internal or external command,\noperable program or batch file.\n"}]}}
{"timestamp": "2025-11-01T12:09:28.179036", "action": "restart_service_graceful", "result": false, "details": {"success": false, "execution_time": 0.07119417190551758, "message": "Failed to restart web_server", "error": "'systemctl' is not recognized as an internal or external command,\noperable program or batch file.\n"}}
{"timestamp": "2025-11-01T12:09:28.253024", "action": "restart_service_graceful", "result": false, "details": {"success": false, "execution_time": 0.061916351318359375, "message": "Failed to restart api_service", "error": "'pm2' is not recognized as an internal or external command,\noperable program or batch file.\n"}}
{"timestamp": "2025-11-01T12:10:13.068137", "action": "scale_horizontal", "result": true, "details": {"success": true, "execution_time": 1.0007081031799316, "message": "Simulated scaling web_server to 3 instances", "simulated": true}}
{"timestamp": "2025-11-01T12:10:14.080850", "action": "scale_horizontal", "result": true, "details": {"success": true, "execution_time": 1.0001513957977295, "message": "Simulated scaling api_service to 3 instances", "simulated": true}}
{"timestamp": "2025-11-01T12:10:58.823971", "action": "scale_horizontal", "result": true, "details": {"success": true, "execution_time": 1.000223159790039, "message": "Simulated scaling web_server to 3 instances", "simulated": true}}
{"timestamp": "2025-11-01T12:10:59.837194", "action": "scale_horizontal", "result": true, "details": {"success": true, "execution_time": 1.0006725788116455, "message": "Simulated scaling api_service to 3 instances", "simulated": true}}
{"timestamp": "2025-11-01T12:11:44.643815", "action": "scale_horizontal", "result": true, "details": {"success": true, "execution_time": 1.0001418590545654, "message": "Simulated scaling web_server to 3 instances", "simulated": true}}
{"timestamp": "2025-11-01T12:11:45.656991", "action": "scale_horizontal", "result": true, "details": {"success": true, "execution_time": 1.0003769397735596, "message": "Simulated scaling api_service to 3 instances", "simulated": true}}
{"timestamp": "2025-11-01T12:12:30.523841", "action": "scale_horizontal", "result": true, "details": {"success": true, "execution_time": 1.0005755424499512, "message": "Simulated scaling web_server to 3 instances", "simulated": true}}
{"timestamp": "2025-11-01T12:12:31.535969", "action": "scale_horizontal", "result": true, "details": {"success": true, "execution_time": 1.0001821517944336, "message": "Simulated scaling api_service to 3 instances", "simulated": true}}
{"timestamp": "2025-11-01T12:13:16.398269", "action": "scale_horizontal", "result": true, "details": {"success": true, "execution_time": 1.0004246234893799, "message": "Simulated scaling web_server to 3 instances", "simulated": true}}
{"timestamp": "2025-11-01T12:13:17.410687", "action": "scale_horizontal", "result": true, "details": {"success": true, "execution_time": 1.000380277633667, "message": "Simulated scaling api_service to 3 instances", "simulated": true}}
{"timestamp": "2025-11-01T12:14:02.249441", "action": "scale_horizontal", "result": true, "details": {"success": true, "execution_time": 1.0005381107330322, "message": "Simulated scaling web_server to 3 instances", "simulated": true}}
{"timestamp": "2025-11-01T12:14:03.262835", "action": "scale_horizontal", "result": true, "details": {"success": true, "execution_time": 1.0005760192871094, "message": "Simulated scaling api_service to 3 instances", "simulated": true}}
{"timestamp": "2025-11-01T12:14:48.168894", "action": "scale_horizontal", "result": true, "details": {"success": true, "execution_time": 1.0006358623504639, "message": "Simulated scaling web_server to 3 instances", "simulated": true}}
{"timestamp": "2025-11-01T12:14:49.182022", "action": "scale_horizontal", "result": true, "details": {"success": true, "execution_time": 1.0005319118499756, "message": "Simulated scaling api_service to 3 instances", "simulated": true}}
{"timestamp": "2025-11-01T12:15:33.936991", "action": "scale_horizontal", "result": true, "details": {"success": true, "execution_time": 1.0005874633789062, "message": "Simulated scaling web_server to 3 instances", "simulated": true}}
{"timestamp": "2025-11-01T12:15:34.949998", "action": "scale_horizontal", "result": true, "details": {"success": true, "execution_time": 1.0003952980041504, "message": "Simulated scaling api_service to 3 instances", "simulated": true}}
{"timestamp": "2025-11-01T12:16:19.693942", "action": "scale_horizontal", "result": true, "details": {"success": true, "execution_time": 1.0003783702850342, "message": "Simulated scaling web_server to 3 instances", "simulated": true}}
{"timestamp": "2025-11-01T12:16:19.766501", "action": "restart_service_graceful", "result": false, "details": {"success": false, "execution_time": 0.06134748458862305, "message": "Failed to restart api_service", "error": "'pm2' is not recognized as an internal or external command,\noperable program or batch file.\n"}}
{"timestamp": "2025-11-01T12:17:04.520042", "action": "scale_horizontal", "result": true, "details": {"success": true, "execution_time": 1.0003933906555176, "message": "Simulated scaling web_server to 3 instances", "simulated": true}}
{"timestamp": "2025-11-01T12:17:05.538201", "action": "scale_horizontal", "result": true, "details": {"success": true, "execution_time": 1.0004668235778809, "message": "Simulated scaling api_service to 3 instances", "simulated": true}}
{"timestamp": "2025-11-01T12:17:50.237250", "action": "scale_horizontal", "result": true, "details": {"success": true, "execution_time": 1.000291347503662, "message": "Simulated scaling web_server to 3 instances", "simulated": true}}
{"timestamp": "2025-11-01T12:17:51.249225", "action": "scale_horizontal", "result": true, "details": {"success": true, "execution_time": 1.0005321502685547, "message": "Simulated scaling api_service to 3 instances", "simulated": true}}
{"timestamp": "2025-11-01T12:18:36.027739", "action": "scale_horizontal", "result": true, "details": {"success": true, "execution_time": 1.0003776550292969, "message": "Simulated scaling web_server to 3 instances", "simulated": true}}
{"timestamp": "2025-11-01T12:18:37.040358", "action": "scale_horizontal", "result": true, "details": {"success": true, "execution_time": 1.0005347728729248, "message": "Simulated scaling api_service to 3 instances", "simulated": true}}
{"timestamp": "2025-11-01T12:19:21.784188", "action": "scale_horizontal", "result": true, "details": {"success": true, "execution_time": 1.0005512237548828, "message": "Simulated scaling web_server to 3 instances", "simulated": true}}
{"timestamp": "2025-11-01T12:19:22.796430", "action": "scale_horizontal", "result": true, "details": {"success": true, "execution_time": 1.0002596378326416, "message": "Simulated scaling api_service to 3 instances", "simulated": true}}
{"timestamp": "2025-11-01T12:20:07.556718", "action": "scale_horizontal", "result": true, "details": {"success": true, "execution_time": 1.000497817993164, "message": "Simulated scaling web_server to 3 instances", "simulated": true}}
{"timestamp": "2025-11-01T12:20:08.569422", "action": "scale_horizontal", "result": true, "details": {"success": true, "execution_time": 1.0001962184906006, "message": "Simulated scaling api_service to 3 instances", "simulated": true}}
{"timestamp": "2025-11-01T12:20:53.352361", "action": "scale_horizontal", "result": true, "details": {"success": true, "execution_time": 1.0001697540283203, "message": "Simulated scaling web_server to 3 instances", "simulated": true}}
{"timestamp": "2025-11-01T12:20:53.655514", "action": "rollback_deployment", "result": false, "details": {"success": false, "execution_time": 0.2900550365447998, "message": "Rollback failed for api_service", "commands_executed": [{"command": "git log --oneline -n 5", "returncode": 0, "stdout": "1ab5fec first commit\n", "stderr": ""}, {"command": "git reset --hard HEAD~1", "returncode": 128, "stdout": "", "stderr": "fatal: ambiguous argument 'HEAD~1': unknown revision or path not in the working tree.\nUse '--' to separate paths from revisions, like this:\n'git <command> [<revision>...] -- [<file>...]'\n"}, {"command": "docker-compose up -d api_service", "returncode": 1, "stdout": "", "stderr": "'docker-compose' is not recognized as an internal or external command,\noperable program or batch file.\n"}]}}
{"timestamp": "2025-11-01T12:21:38.420851", "action": "scale_horizontal", "result": true, "details": {"success": true, "execution_time": 1.0004723072052002, "message": "Simulated scaling web_server to 3 instances", "simulated": true}}
{"timestamp": "2025-11-01T12:21:39.432436", "action": "scale_horizontal", "result": true, "details": {"success": true, "execution_time": 1.000300407409668, "message": "Simulated scaling api_service to 3 instances", "simulated": true}}
{"timestamp": "2025-11-01T12:22:24.136952", "action": "scale_horizontal", "result": true, "details": {"success": true, "execution_time": 1.00018310546875, "message": "Simulated scaling web_server to 3 instances", "simulated": true}}
{"timestamp": "2025-11-01T12:22:25.150289", "action": "scale_horizontal", "result": true, "details": {"success": true, "execution_time": 1.0008597373962402, "message": "Simulated scaling api_service to 3 instances", "simulated": true}}
{"timestamp": "2025-11-01T12:23:09.924787", "action": "scale_horizontal", "result": true, "details": {"success": true, "execution_time": 1.0003869533538818, "message": "Simulated scaling web_server to 3 instances", "simulated": true}}
{"timestamp": "2025-11-01T12:23:10.937765", "action": "scale_horizontal", "result": true, "details": {"success": true, "execution_time": 1.0004496574401855, "message": "Simulated scaling api_service to 3 instances", "simulated": true}}
{"timestamp": "2025-11-01T12:23:55.846404", "action": "scale_horizontal", "result": true, "details": {"success": true, "execution_time": 1.000394582748413, "message": "Simulated scaling web_server to 3 instances", "simulated": true}}
{"timestamp": "2025-11-01T12:23:56.859835", "action": "scale_horizontal", "result": true, "details": {"success": true, "execution_time": 1.0003581047058105, "message": "Simulated scaling api_service to 3 instances", "simulated": true}}
{"timestamp": "2025-11-01T12:24:41.748341", "action": "scale_horizontal", "result": true, "details": {"success": true, "execution_time": 1.0004982948303223, "message": "Simulated scaling web_server to 3 instances", "simulated": true}}
{"timestamp": "2025-11-01T12:24:42.762694", "action": "scale_horizontal", "result": true, "details": {"success": true, "execution_time": 1.0004727840423584, "message": "Simulated scaling api_service to 3 instances", "simulated": true}}
{"timestamp": "2025-11-01T12:25:27.579005", "action": "scale_horizontal", "result": true, "details": {"success": true, "execution_time": 1.0006012916564941, "message": "Simulated scaling web_server to 3 instances", "simulated": true}}
{"timestamp": "2025-11-01T12:25:28.591848", "action": "scale_horizontal", "result": true, "details": {"success": true, "execution_time": 1.0005505084991455, "message": "Simulated scaling api_service to 3 instances", "simulated": true}}
{"timestamp": "2025-11-01T12:26:12.756541", "action": "rollback_deployment", "result": false, "details": {"success": false, "execution_time": 0.3012511730194092, "message": "Rollback failed for web_server", "commands_executed": [{"command": "git log --oneline -n 5", "returncode": 0, "stdout": "1ab5fec first commit\n", "stderr": ""}, {"command": "git reset --hard HEAD~1", "returncode": 128, "stdout": "", "stderr": "fatal: ambiguous argument 'HEAD~1': unknown revision or path not in the working tree.\nUse '--' to separate paths from revisions, like this:\n'git <command> [<revision>...] -- [<file>...]'\n"}, {"command": "docker-compose up -d web_server", "returncode": 1, "stdout": "", "stderr": "'docker-compose' is not recognized as an internal or external command,\noperable program or batch file.\n"}]}}
{"timestamp": "2025-11-01T12:26:13.769049", "action": "scale_horizontal", "result": true, "details": {"success": true, "execution_time": 1.000563144683838, "message": "Simulated scaling api_service to 3 instances", "simulated": true}}
{"timestamp": "2025-11-01T12:26:58.561995", "action": "scale_horizontal", "result": true, "details": {"success": true, "execution_time": 1.0004196166992188, "message": "Simulated scaling web_server to 3 instances", "simulated": true}}
{"timestamp": "2025-11-01T12:26:59.574690", "action": "scale_horizontal", "result": true, "details": {"success": true, "execution_time": 1.0005793571472168, "message": "Simulated scaling api_service to 3 instances", "simulated": true}}
{"timestamp": "2025-11-01T12:27:44.380643", "action": "scale_horizontal", "result": true, "details": {"success": true, "execution_time": 1.0003697872161865, "message": "Simulated scaling web_server to 3 instances", "simulated": true}}
{"timestamp": "2025-11-01T12:27:45.393120", "action": "scale_horizontal", "result": true, "details": {"success": true, "execution_time": 1.0003337860107422, "message": "Simulated scaling api_service to 3 instances", "simulated": true}}
{"timestamp": "2025-11-01T12:27:57.064820", "action": "rollback_deployment", "result": false, "details": {"success": false, "execution_time": 0.29759883880615234, "message": "Rollback failed for web_server", "commands_executed": [{"command": "git log --oneline -n 5", "returncode": 0, "stdout": "1ab5fec first commit\n", "stderr": ""}, {"command": "git reset --hard HEAD~1", "returncode": 128, "stdout": "", "stderr": "fatal: ambiguous argument 'HEAD~1': unknown revision or path not in the working tree.\nUse '--' to separate paths from revisions, like this:\n'git <command> [<revision>...] -- [<file>...]'\n"}, {"command": "docker-compose up -d web_server", "returncode": 1, "stdout": "", "stderr": "'docker-compose' is not recognized as an internal or external command,\noperable program or batch file.\n"}]}}
{"timestamp": "2025-11-01T12:27:58.076844", "action": "scale_horizontal", "result": true, "details": {"success": true, "execution_time": 1.0002610683441162, "message": "Simulated scaling api_service to 3 instances", "simulated": true}}
{"timestamp": "2025-11-01T12:28:30.152096", "action": "scale_horizontal", "result": true, "details": {"success": true, "execution_time": 1.0004017353057861, "message": "Simulated scaling web_server to 3 instances", "simulated": true}}
{"timestamp": "2025-11-01T12:28:31.167888", "action": "scale_horizontal", "result": true, "details": {"success": true, "execution_time": 1.0007030963897705, "message": "Simulated scaling api_service to 3 instances", "simulated": true}}
{"timestamp": "2025-11-01T12:28:42.791786", "action": "scale_horizontal", "result": true, "details": {"success": true, "execution_time": 1.0004806518554688, "message": "Simulated scaling web_server to 3 instances", "simulated": true}}
{"timestamp": "2025-11-01T12:28:43.805655", "action": "scale_horizontal", "result": true, "details": {"success": true, "execution_time": 1.000577688217163, "message": "Simulated scaling api_service to 3 instances", "simulated": true}}
{"timestamp": "2025-11-01T12:29:15.954454", "action": "scale_horizontal", "result": true, "details": {"success": true, "execution_time": 1.0002899169921875, "message": "Simulated scaling web_server to 3 instances", "simulated": true}}
{"timestamp": "2025-11-01T12:29:16.975418", "action": "scale_horizontal", "result": true, "details": {"success": true, "execution_time": 1.0003199577331543, "message": "Simulated scaling api_service to 3 instances", "simulated": true}}
{"timestamp": "2025-11-01T12:29:28.549025", "action": "scale_horizontal", "result": true, "details": {"success": true, "execution_time": 1.0004382133483887, "message": "Simulated scaling web_server to 3 instances", "simulated": true}}
{"timestamp": "2025-11-01T12:29:29.562408", "action": "scale_horizontal", "result": true, "details": {"success": true, "execution_time": 1.0003490447998047, "message": "Simulated scaling api_service to 3 instances", "simulated": true}}
{"timestamp": "2025-11-01T12:30:01.762602", "action": "scale_horizontal", "result": true, "details": {"success": true, "execution_time": 1.0002694129943848, "message": "Simulated scaling web_server to 3 instances", "simulated": true}}
{"timestamp": "2025-11-01T12:30:02.776258", "action": "scale_horizontal", "result": true, "details": {"success": true, "execution_time": 1.0005102157592773, "message": "Simulated scaling api_service to 3 instances", "simulated": true}}
{"timestamp": "2025-11-01T12:30:14.394823", "action": "scale_horizontal", "result": true, "details": {"success": true, "execution_time": 1.0005369186401367, "message": "Simulated scaling web_server to 3 instances", "simulated": true}}
{"timestamp": "2025-11-01T12:30:15.408799", "action": "scale_horizontal", "result": true, "details": {"success": true, "execution_time": 1.0011141300201416, "message": "Simulated scaling api_service to 3 instances", "simulated": true}}
{"timestamp": "2025-11-01T12:30:47.597923", "action": "scale_horizontal", "result": true, "details": {"success": true, "execution_time": 1.0005278587341309, "message": "Simulated scaling web_server to 3 instances", "simulated": true}}
{"timestamp": "2025-11-01T12:31:00.189937", "action": "scale_horizontal", "result": true, "details": {"success": true, "execution_time": 1.000549554824829, "message": "Simulated scaling web_server to 3 instances", "simulated": true}}
{"timestamp": "2025-11-01T12:31:00.268834", "action": "restart_service_graceful", "result": false, "details": {"success": false, "execution_time": 0.06574487686157227, "message": "Failed to restart api_service", "error": "'pm2' is not recognized as an internal or external command,\noperable program or batch file.\n"}}
{"timestamp": "2025-11-01T12:31:32.435053", "action": "scale_horizontal", "result": true, "details": {"success": true, "execution_time": 1.000124454498291, "message": "Simulated scaling web_server to 3 instances", "simulated": true}}
{"timestamp": "2025-11-01T12:31:33.448091", "action": "scale_horizontal", "result": true, "details": {"success": true, "execution_time": 1.000260353088379, "message": "Simulated scaling api_service to 3 instances", "simulated": true}}
{"timestamp": "2025-11-01T12:31:45.093502", "action": "scale_horizontal", "result": true, "details": {"success": true, "execution_time": 1.0001988410949707, "message": "Simulated scaling web_server to 3 instances", "simulated": true}}
{"timestamp": "2025-11-01T12:31:46.110523", "action": "scale_horizontal", "result": true, "details": {"success": true, "execution_time": 1.000335931777954, "message": "Simulated scaling api_service to 3 instances", "simulated": true}}
{"timestamp": "2025-11-01T12:32:18.233954", "action": "scale_horizontal", "result": true, "details": {"success": true, "execution_time": 1.0004701614379883, "message": "Simulated scaling web_server to 3 instances", "simulated": true}}
{"timestamp": "2025-11-01T12:32:19.247761", "action": "scale_horizontal", "result": true, "details": {"success": true, "execution_time": 1.000788927078247, "message": "Simulated scaling api_service to 3 instances", "simulated": true}}
{"timestamp": "2025-11-01T12:32:29.996453", "action": "restart_service_graceful", "result": false, "details": {"success": false, "execution_time": 0.06331467628479004, "message": "Failed to restart web_server", "error": "'systemctl' is not recognized as an internal or external command,\noperable program or batch file.\n"}}
{"timestamp": "2025-11-01T12:32:31.009140", "action": "scale_horizontal", "result": true, "details": {"success": true, "execution_time": 1.0006427764892578, "message": "Simulated scaling api_service to 3 instances", "simulated": true}}
{"timestamp": "2025-11-01T12:33:02.087498", "action": "scale_horizontal", "result": true, "details": {"success": true, "execution_time": 1.0005242824554443, "message": "Simulated scaling web_server to 3 instances", "simulated": true}}
{"timestamp": "2025-11-01T12:33:03.100805", "action": "scale_horizontal", "result": true, "details": {"success": true, "execution_time": 1.0006403923034668, "message": "Simulated scaling api_service to 3 instances", "simulated": true}}
{"timestamp": "2025-11-01T12:33:13.837513", "action": "scale_horizontal", "result": true, "details": {"success": true, "execution_time": 1.0002470016479492, "message": "Simulated scaling web_server to 3 instances", "simulated": true}}
{"timestamp": "2025-11-01T12:33:14.146316", "action": "rollback_deployment", "result": false, "details": {"success": false, "execution_time": 0.2961695194244385, "message": "Rollback failed for api_service", "commands_executed": [{"command": "git log --oneline -n 5", "returncode": 0, "stdout": "1ab5fec first commit\n", "stderr": ""}, {"command": "git reset --hard HEAD~1", "returncode": 128, "stdout": "", "stderr": "fatal: ambiguous argument 'HEAD~1': unknown revision or path not in the working tree.\nUse '--' to separate paths from revisions, like this:\n'git <command> [<revision>...] -- [<file>...]'\n"}, {"command": "docker-compose up -d api_service", "returncode": 1, "stdout": "", "stderr": "'docker-compose' is not recognized as an internal or external command,\noperable program or batch file.\n"}]}}
{"timestamp": "2025-11-01T12:33:45.911679", "action": "scale_horizontal", "result": true, "details": {"success": true, "execution_time": 1.0002727508544922, "message": "Simulated scaling web_server to 3 instances", "simulated": true}}
{"timestamp": "2025-11-01T12:33:46.926686", "action": "scale_horizontal", "result": true, "details": {"success": true, "execution_time": 1.0004990100860596, "message": "Simulated scaling api_service to 3 instances", "simulated": true}}
{"timestamp": "2025-11-01T12:33:58.980510", "action": "scale_horizontal", "result": true, "details": {"success": true, "execution_time": 1.000420093536377, "message": "Simulated scaling web_server to 3 instances", "simulated": true}}
{"timestamp": "2025-11-01T12:33:59.992482", "action": "scale_horizontal", "result": true, "details": {"success": true, "execution_time": 1.0001657009124756, "message": "Simulated scaling api_service to 3 instances", "simulated": true}}
{"timestamp": "2025-11-01T12:34:31.783675", "action": "scale_horizontal", "result": true, "details": {"success": true, "execution_time": 1.0003008842468262, "message": "Simulated scaling web_server to 3 instances", "simulated": true}}
{"timestamp": "2025-11-01T12:34:32.797861", "action": "scale_horizontal", "result": true, "details": {"success": true, "execution_time": 1.0005810260772705, "message": "Simulated scaling api_service to 3 instances", "simulated": true}}
{"timestamp": "2025-11-01T12:34:44.785480", "action": "scale_horizontal", "result": true, "details": {"success": true, "execution_time": 1.0005426406860352, "message": "Simulated scaling web_server to 3 instances", "simulated": true}}
{"timestamp": "2025-11-01T12:34:45.798174", "action": "scale_horizontal", "result": true, "details": {"success": true, "execution_time": 1.0005242824554443, "message": "Simulated scaling api_service to 3 instances", "simulated": true}}
{"timestamp": "2025-11-01T12:35:17.696667", "action": "scale_horizontal", "result": true, "details": {"success": true, "execution_time": 1.0002012252807617, "message": "Simulated scaling web_server to 3 instances", "simulated": true}}
{"timestamp": "2025-11-01T12:35:18.711144", "action": "scale_horizontal", "result": true, "details": {"success": true, "execution_time": 1.0001871585845947, "message": "Simulated scaling api_service to 3 instances", "simulated": true}}
{"timestamp": "2025-11-01T12:35:29.936486", "action": "rollback_deployment", "result": false, "details": {"success": false, "execution_time": 0.2876431941986084, "message": "Rollback failed for web_server", "commands_executed": [{"command": "git log --oneline -n 5", "returncode": 0, "stdout": "1ab5fec first commit\n", "stderr": ""}, {"command": "git reset --hard HEAD~1", "returncode": 128, "stdout": "", "stderr": "fatal: ambiguous argument 'HEAD~1': unknown revision or path not in the working tree.\nUse '--' to separate paths from revisions, like this:\n'git <command> [<revision>...] -- [<file>...]'\n"}, {"command": "docker-compose up -d web_server", "returncode": 1, "stdout": "", "stderr": "'docker-compose' is not recognized as an internal or external command,\noperable program or batch file.\n"}]}}
{"timestamp": "2025-11-01T12:35:30.948565", "action": "scale_horizontal", "result": true, "details": {"success": true, "execution_time": 1.0006141662597656, "message": "Simulated scaling api_service to 3 instances", "simulated": true}}
{"timestamp": "2025-11-01T12:36:03.565338", "action": "scale_horizontal", "result": true, "details": {"success": true, "execution_time": 1.0001230239868164, "message": "Simulated scaling web_server to 3 instances", "simulated": true}}
{"timestamp": "2025-11-01T12:36:04.577436", "action": "scale_horizontal", "result": true, "details": {"success": true, "execution_time": 1.0001566410064697, "message": "Simulated scaling api_service to 3 instances", "simulated": true}}
{"timestamp": "2025-11-01T12:36:15.763067", "action": "scale_horizontal", "result": true, "details": {"success": true, "execution_time": 1.0003516674041748, "message": "Simulated scaling web_server to 3 instances", "simulated": true}}
{"timestamp": "2025-11-01T12:36:16.774755", "action": "scale_horizontal", "result": true, "details": {"success": true, "execution_time": 1.0001492500305176, "message": "Simulated scaling api_service to 3 instances", "simulated": true}}
{"timestamp": "2025-11-01T12:36:49.309686", "action": "scale_horizontal", "result": true, "details": {"success": true, "execution_time": 1.0004158020019531, "message": "Simulated scaling web_server to 3 instances", "simulated": true}}
{"timestamp": "2025-11-01T12:36:50.321838", "action": "scale_horizontal", "result": true, "details": {"success": true, "execution_time": 1.0003302097320557, "message": "Simulated scaling api_service to 3 instances", "simulated": true}}
{"timestamp": "2025-11-01T12:37:01.553511", "action": "scale_horizontal", "result": true, "details": {"success": true, "execution_time": 1.0002679824829102, "message": "Simulated scaling web_server to 3 instances", "simulated": true}}
{"timestamp": "2025-11-01T12:37:02.566355", "action": "scale_horizontal", "result": true, "details": {"success": true, "execution_time": 1.0005767345428467, "message": "Simulated scaling api_service to 3 instances", "simulated": true}}
{"timestamp": "2025-11-01T12:37:33.167445", "action": "scale_horizontal", "result": true, "details": {"success": true, "execution_time": 1.0003588199615479, "message": "Simulated scaling web_server to 3 instances", "simulated": true}}
{"timestamp": "2025-11-01T12:37:33.260806", "action": "scale_horizontal", "result": true, "details": {"success": true, "execution_time": 1.0006365776062012, "message": "Simulated scaling web_server to 3 instances", "simulated": true}}
{"timestamp": "2025-11-01T12:37:34.180379", "action": "scale_horizontal", "result": true, "details": {"success": true, "execution_time": 1.000349760055542, "message": "Simulated scaling api_service to 3 instances", "simulated": true}}
{"timestamp": "2025-11-01T12:37:34.273494", "action": "scale_horizontal", "result": true, "details": {"success": true, "execution_time": 1.0004212856292725, "message": "Simulated scaling api_service to 3 instances", "simulated": true}}
{"timestamp": "2025-11-01T12:37:44.683521", "action": "rollback_deployment", "result": false, "details": {"success": false, "execution_time": 0.30612993240356445, "message": "Rollback failed for web_server", "commands_executed": [{"command": "git log --oneline -n 5", "returncode": 0, "stdout": "1ab5fec first commit\n", "stderr": ""}, {"command": "git reset --hard HEAD~1", "returncode": 128, "stdout": "", "stderr": "fatal: ambiguous argument 'HEAD~1': unknown revision or path not in the working tree.\nUse '--' to separate paths from revisions, like this:\n'git <command> [<revision>...] -- [<file>...]'\n"}, {"command": "docker-compose up -d web_server", "returncode": 1, "stdout": "", "stderr": "'docker-compose' is not recognized as an internal or external command,\noperable program or batch file.\n"}]}}
{"timestamp": "2025-11-01T12:37:45.696433", "action": "scale_horizontal", "result": true, "details": {"success": true, "execution_time": 1.000300407409668, "message": "Simulated scaling api_service to 3 instances", "simulated": true}}
{"timestamp": "2025-11-01T12:38:18.875038", "action": "scale_horizontal", "result": true, "details": {"success": true, "execution_time": 1.0002851486206055, "message": "Simulated scaling web_server to 3 instances", "simulated": true}}
{"timestamp": "2025-11-01T12:38:18.920613", "action": "scale_horizontal", "result": true, "details": {"success": true, "execution_time": 1.00020432472229, "message": "Simulated scaling web_server to 3 instances", "simulated": true}}
{"timestamp": "2025-11-01T12:38:19.886838", "action": "scale_horizontal", "result": true, "details": {"success": true, "execution_time": 1.000279188156128, "message": "Simulated scaling api_service to 3 instances", "simulated": true}}
{"timestamp": "2025-11-01T12:38:19.937107", "action": "scale_horizontal", "result": true, "details": {"success": true, "execution_time": 1.0005416870117188, "message": "Simulated scaling api_service to 3 instances", "simulated": true}}
{"timestamp": "2025-11-01T12:38:28.831831", "action": "scale_horizontal", "result": true, "details": {"success": true, "execution_time": 1.0002453327178955, "message": "Simulated scaling web_server to 3 instances", "simulated": true}}
{"timestamp": "2025-11-01T12:38:29.845179", "action": "scale_horizontal", "result": true, "details": {"success": true, "execution_time": 1.0004913806915283, "message": "Simulated scaling api_service to 3 instances", "simulated": true}}
{"timestamp": "2025-11-01T12:39:02.601341", "action": "scale_horizontal", "result": true, "details": {"success": true, "execution_time": 1.0002989768981934, "message": "Simulated scaling web_server to 3 instances", "simulated": true}}
{"timestamp": "2025-11-01T12:39:02.701454", "action": "scale_horizontal", "result": true, "details": {"success": true, "execution_time": 1.000241994857788, "message": "Simulated scaling web_server to 3 instances", "simulated": true}}
{"timestamp": "2025-11-01T12:39:03.614125", "action": "scale_horizontal", "result": true, "details": {"success": true, "execution_time": 1.000504493713379, "message": "Simulated scaling api_service to 3 instances", "simulated": true}}
{"timestamp": "2025-11-01T12:39:03.713229", "action": "scale_horizontal", "result": true, "details": {"success": true, "execution_time": 1.0002143383026123, "message": "Simulated scaling api_service to 3 instances", "simulated": true}}
{"timestamp": "2025-11-01T12:39:11.946834", "action": "rollback_deployment", "result": false, "details": {"success": false, "execution_time": 0.3020200729370117, "message": "Rollback failed for api_service", "commands_executed": [{"command": "git log --oneline -n 5", "returncode": 0, "stdout": "1ab5fec first commit\n", "stderr": ""}, {"command": "git reset --hard HEAD~1", "returncode": 128, "stdout": "", "stderr": "fatal: ambiguous argument 'HEAD~1': unknown revision or path not in the working tree.\nUse '--' to separate paths from revisions, like this:\n'git <command> [<revision>...] -- [<file>...]'\n"}, {"command": "docker-compose up -d api_service", "returncode": 1, "stdout": "", "stderr": "'docker-compose' is not recognized as an internal or external command,\noperable program or batch file.\n"}]}}
{"timestamp": "2025-11-01T12:39:50.894075", "action": "scale_horizontal", "result": true, "details": {"success": true, "execution_time": 1.000417947769165, "message": "Simulated scaling web_server to 3 instances", "simulated": true}}
{"timestamp": "2025-11-01T12:39:51.908665", "action": "scale_horizontal", "result": true, "details": {"success": true, "execution_time": 1.0005395412445068, "message": "Simulated scaling api_service to 3 instances", "simulated": true}}
{"timestamp": "2025-11-01T12:39:55.812209", "action": "scale_horizontal", "result": true, "details": {"success": true, "execution_time": 1.0002985000610352, "message": "Simulated scaling web_server to 3 instances", "simulated": true}}
{"timestamp": "2025-11-01T12:39:56.825361", "action": "scale_horizontal", "result": true, "details": {"success": true, "execution_time": 1.0005826950073242, "message": "Simulated scaling api_service to 3 instances", "simulated": true}}
{"timestamp": "2025-11-01T12:40:36.558576", "action": "scale_horizontal", "result": true, "details": {"success": true, "execution_time": 1.0001506805419922, "message": "Simulated scaling web_server to 3 instances", "simulated": true}}
{"timestamp": "2025-11-01T12:40:37.573211", "action": "scale_horizontal", "result": true, "details": {"success": true, "execution_time": 1.0005922317504883, "message": "Simulated scaling api_service to 3 instances", "simulated": true}}
{"timestamp": "2025-11-01T12:40:41.392957", "action": "scale_horizontal", "result": true, "details": {"success": true, "execution_time": 1.0005838871002197, "message": "Simulated scaling web_server to 3 instances", "simulated": true}}
{"timestamp": "2025-11-01T12:40:42.404849", "action": "scale_horizontal", "result": true, "details": {"success": true, "execution_time": 1.0002894401550293, "message": "Simulated scaling api_service to 3 instances", "simulated": true}}
{"timestamp": "2025-11-01T12:41:22.188810", "action": "scale_horizontal", "result": true, "details": {"success": true, "execution_time": 1.000455617904663, "message": "Simulated scaling web_server to 3 instances", "simulated": true}}
{"timestamp": "2025-11-01T12:41:23.203964", "action": "scale_horizontal", "result": true, "details": {"success": true, "execution_time": 1.0005970001220703, "message": "Simulated scaling api_service to 3 instances", "simulated": true}}
{"timestamp": "2025-11-01T12:41:27.053347", "action": "scale_horizontal", "result": true, "details": {"success": true, "execution_time": 1.0003719329833984, "message": "Simulated scaling web_server to 3 instances", "simulated": true}}
{"timestamp": "2025-11-01T12:41:28.066998", "action": "scale_horizontal", "result": true, "details": {"success": true, "execution_time": 1.000610113143921, "message": "Simulated scaling api_service to 3 instances", "simulated": true}}
{"timestamp": "2025-11-01T12:42:07.837775", "action": "scale_horizontal", "result": true, "details": {"success": true, "execution_time": 1.0002710819244385, "message": "Simulated scaling web_server to 3 instances", "simulated": true}}
{"timestamp": "2025-11-01T12:42:08.851231", "action": "scale_horizontal", "result": true, "details": {"success": true, "execution_time": 1.0004451274871826, "message": "Simulated scaling api_service to 3 instances", "simulated": true}}
{"timestamp": "2025-11-01T12:42:11.744954", "action": "restart_service_graceful", "result": false, "details": {"success": false, "execution_time": 0.06565308570861816, "message": "Failed to restart web_server", "error": "'systemctl' is not recognized as an internal or external command,\noperable program or batch file.\n"}}
{"timestamp": "2025-11-01T12:42:12.758324", "action": "scale_horizontal", "result": true, "details": {"success": true, "execution_time": 1.0005340576171875, "message": "Simulated scaling api_service to 3 instances", "simulated": true}}
{"timestamp": "2025-11-01T12:42:53.470898", "action": "scale_horizontal", "result": true, "details": {"success": true, "execution_time": 1.0005254745483398, "message": "Simulated scaling api_service to 3 instances", "simulated": true}}
{"timestamp": "2025-11-01T12:42:57.413291", "action": "scale_horizontal", "result": true, "details": {"success": true, "execution_time": 1.0008454322814941, "message": "Simulated scaling web_server to 3 instances", "simulated": true}}
{"timestamp": "2025-11-01T12:42:58.431113", "action": "scale_horizontal", "result": true, "details": {"success": true, "execution_time": 1.000589370727539, "message": "Simulated scaling api_service to 3 instances", "simulated": true}}
{"timestamp": "2025-11-01T12:43:38.187522", "action": "scale_horizontal", "result": true, "details": {"success": true, "execution_time": 1.0015590190887451, "message": "Simulated scaling web_server to 3 instances", "simulated": true}}
{"timestamp": "2025-11-01T12:43:39.201133", "action": "scale_horizontal", "result": true, "details": {"success": true, "execution_time": 1.000450849533081, "message": "Simulated scaling api_service to 3 instances", "simulated": true}}
{"timestamp": "2025-11-01T12:43:43.065948", "action": "scale_horizontal", "result": true, "details": {"success": true, "execution_time": 1.000326156616211, "message": "Simulated scaling web_server to 3 instances", "simulated": true}}
{"timestamp": "2025-11-01T12:43:44.078333", "action": "scale_horizontal", "result": true, "details": {"success": true, "execution_time": 1.000169277191162, "message": "Simulated scaling api_service to 3 instances", "simulated": true}}
{"timestamp": "2025-11-01T12:44:23.829923", "action": "scale_horizontal", "result": true, "details": {"success": true, "execution_time": 1.0001623630523682, "message": "Simulated scaling web_server to 3 instances", "simulated": true}}
{"timestamp": "2025-11-01T12:44:26.011423", "action": "scale_horizontal", "result": true, "details": {"success": true, "execution_time": 1.0007054805755615, "message": "Simulated scaling api_service to 3 instances", "simulated": true}}
{"timestamp": "2025-11-01T12:44:28.714555", "action": "scale_horizontal", "result": true, "details": {"success": true, "execution_time": 1.0004963874816895, "message": "Simulated scaling web_server to 3 instances", "simulated": true}}
{"timestamp": "2025-11-01T12:44:29.728502", "action": "scale_horizontal", "result": true, "details": {"success": true, "execution_time": 1.0008256435394287, "message": "Simulated scaling api_service to 3 instances", "simulated": true}}
{"timestamp": "2025-11-01T12:45:10.658633", "action": "scale_horizontal", "result": true, "details": {"success": true, "execution_time": 1.0001778602600098, "message": "Simulated scaling web_server to 3 instances", "simulated": true}}
{"timestamp": "2025-11-01T12:45:11.672127", "action": "scale_horizontal", "result": true, "details": {"success": true, "execution_time": 1.0001745223999023, "message": "Simulated scaling api_service to 3 instances", "simulated": true}}
{"timestamp": "2025-11-01T12:45:13.710576", "action": "rollback_deployment", "result": false, "details": {"success": false, "execution_time": 0.31055402755737305, "message": "Rollback failed for web_server", "commands_executed": [{"command": "git log --oneline -n 5", "returncode": 0, "stdout": "1ab5fec first commit\n", "stderr": ""}, {"command": "git reset --hard HEAD~1", "returncode": 128, "stdout": "", "stderr": "fatal: ambiguous argument 'HEAD~1': unknown revision or path not in the working tree.\nUse '--' to separate paths from revisions, like this:\n'git <command> [<revision>...] -- [<file>...]'\n"}, {"command": "docker-compose up -d web_server", "returncode": 1, "stdout": "", "stderr": "'docker-compose' is not recognized as an internal or external command,\noperable program or batch file.\n"}]}}
{"timestamp": "2025-11-01T12:45:14.723774", "action": "scale_horizontal", "result": true, "details": {"success": true, "execution_time": 1.0006420612335205, "message": "Simulated scaling api_service to 3 instances", "simulated": true}}
{"timestamp": "2025-11-01T12:45:57.965989", "action": "scale_horizontal", "result": true, "details": {"success": true, "execution_time": 1.0005934238433838, "message": "Simulated scaling web_server to 3 instances", "simulated": true}}
{"timestamp": "2025-11-01T12:45:58.979693", "action": "scale_horizontal", "result": true, "details": {"success": true, "execution_time": 1.0005741119384766, "message": "Simulated scaling api_service to 3 instances", "simulated": true}}
{"timestamp": "2025-11-01T12:45:59.340829", "action": "scale_horizontal", "result": true, "details": {"success": true, "execution_time": 1.0002362728118896, "message": "Simulated scaling web_server to 3 instances", "simulated": true}}
{"timestamp": "2025-11-01T12:46:00.355681", "action": "scale_horizontal", "result": true, "details": {"success": true, "execution_time": 1.0003528594970703, "message": "Simulated scaling api_service to 3 instances", "simulated": true}}
{"timestamp": "2025-11-01T12:46:43.592312", "action": "scale_horizontal", "result": true, "details": {"success": true, "execution_time": 1.0005722045898438, "message": "Simulated scaling web_server to 3 instances", "simulated": true}}
{"timestamp": "2025-11-01T12:46:44.607058", "action": "scale_horizontal", "result": true, "details": {"success": true, "execution_time": 1.000450611114502, "message": "Simulated scaling api_service to 3 instances", "simulated": true}}
{"timestamp": "2025-11-01T12:46:44.992481", "action": "scale_horizontal", "result": true, "details": {"success": true, "execution_time": 1.0004289150238037, "message": "Simulated scaling web_server to 3 instances", "simulated": true}}
{"timestamp": "2025-11-01T12:46:46.022858", "action": "scale_horizontal", "result": true, "details": {"success": true, "execution_time": 1.0112862586975098, "message": "Simulated scaling api_service to 3 instances", "simulated": true}}
{"timestamp": "2025-11-01T12:47:29.238585", "action": "scale_horizontal", "result": true, "details": {"success": true, "execution_time": 1.0005106925964355, "message": "Simulated scaling web_server to 3 instances", "simulated": true}}
{"timestamp": "2025-11-01T12:47:30.252150", "action": "scale_horizontal", "result": true, "details": {"success": true, "execution_time": 1.0005276203155518, "message": "Simulated scaling api_service to 3 instances", "simulated": true}}
{"timestamp": "2025-11-01T12:47:30.638777", "action": "scale_horizontal", "result": true, "details": {"success": true, "execution_time": 1.0005769729614258, "message": "Simulated scaling web_server to 3 instances", "simulated": true}}
{"timestamp": "2025-11-01T12:47:31.661340", "action": "scale_horizontal", "result": true, "details": {"success": true, "execution_time": 1.0005238056182861, "message": "Simulated scaling api_service to 3 instances", "simulated": true}}
{"timestamp": "2025-11-01T12:48:14.918098", "action": "scale_horizontal", "result": true, "details": {"success": true, "execution_time": 1.0003561973571777, "message": "Simulated scaling web_server to 3 instances", "simulated": true}}
{"timestamp": "2025-11-01T12:48:15.931526", "action": "scale_horizontal", "result": true, "details": {"success": true, "execution_time": 1.0005018711090088, "message": "Simulated scaling api_service to 3 instances", "simulated": true}}
{"timestamp": "2025-11-01T12:48:16.325765", "action": "scale_horizontal", "result": true, "details": {"success": true, "execution_time": 1.000394344329834, "message": "Simulated scaling web_server to 3 instances", "simulated": true}}
{"timestamp": "2025-11-01T12:48:17.339106", "action": "scale_horizontal", "result": true, "details": {"success": true, "execution_time": 1.000239372253418, "message": "Simulated scaling api_service to 3 instances", "simulated": true}}
{"timestamp": "2025-11-01T12:49:00.653916", "action": "scale_horizontal", "result": true, "details": {"success": true, "execution_time": 1.0002720355987549, "message": "Simulated scaling web_server to 3 instances", "simulated": true}}
{"timestamp": "2025-11-01T12:49:01.668267", "action": "scale_horizontal", "result": true, "details": {"success": true, "execution_time": 1.0001673698425293, "message": "Simulated scaling api_service to 3 instances", "simulated": true}}
{"timestamp": "2025-11-01T12:49:02.080329", "action": "scale_horizontal", "result": true, "details": {"success": true, "execution_time": 1.0001742839813232, "message": "Simulated scaling web_server to 3 instances", "simulated": true}}
{"timestamp": "2025-11-01T12:49:03.092654", "action": "scale_horizontal", "result": true, "details": {"success": true, "execution_time": 1.0005393028259277, "message": "Simulated scaling api_service to 3 instances", "simulated": true}}
{"timestamp": "2025-11-01T12:49:46.321952", "action": "scale_horizontal", "result": true, "details": {"success": true, "execution_time": 1.0010759830474854, "message": "Simulated scaling web_server to 3 instances", "simulated": true}}
{"timestamp": "2025-11-01T12:49:47.336719", "action": "scale_horizontal", "result": true, "details": {"success": true, "execution_time": 1.0002548694610596, "message": "Simulated scaling api_service to 3 instances", "simulated": true}}
{"timestamp": "2025-11-01T12:49:47.851760", "action": "scale_horizontal", "result": true, "details": {"success": true, "execution_time": 1.0004372596740723, "message": "Simulated scaling web_server to 3 instances", "simulated": true}}
{"timestamp": "2025-11-01T12:49:48.864551", "action": "scale_horizontal", "result": true, "details": {"success": true, "execution_time": 1.0002713203430176, "message": "Simulated scaling api_service to 3 instances", "simulated": true}}
{"timestamp": "2025-11-01T12:50:29.923532", "action": "scale_horizontal", "result": true, "details": {"success": true, "execution_time": 1.0004253387451172, "message": "Simulated scaling api_service to 3 instances", "simulated": true}}
{"timestamp": "2025-11-01T12:50:31.427723", "action": "scale_horizontal", "result": true, "details": {"success": true, "execution_time": 1.0002741813659668, "message": "Simulated scaling web_server to 3 instances", "simulated": true}}
{"timestamp": "2025-11-01T12:50:32.440444", "action": "scale_horizontal", "result": true, "details": {"success": true, "execution_time": 1.0005171298980713, "message": "Simulated scaling api_service to 3 instances", "simulated": true}}
{"timestamp": "2025-11-01T12:51:12.517357", "action": "scale_horizontal", "result": true, "details": {"success": true, "execution_time": 1.0002830028533936, "message": "Simulated scaling web_server to 3 instances", "simulated": true}}
{"timestamp": "2025-11-01T12:51:13.530126", "action": "scale_horizontal", "result": true, "details": {"success": true, "execution_time": 1.0004990100860596, "message": "Simulated scaling api_service to 3 instances", "simulated": true}}
{"timestamp": "2025-11-01T12:51:15.056058", "action": "scale_horizontal", "result": true, "details": {"success": true, "execution_time": 1.0006239414215088, "message": "Simulated scaling web_server to 3 instances", "simulated": true}}
{"timestamp": "2025-11-01T12:51:16.069170", "action": "scale_horizontal", "result": true, "details": {"success": true, "execution_time": 1.0003407001495361, "message": "Simulated scaling api_service to 3 instances", "simulated": true}}
{"timestamp": "2025-11-01T12:51:58.573064", "action": "scale_horizontal", "result": true, "details": {"success": true, "execution_time": 1.0003759860992432, "message": "Simulated scaling api_service to 3 instances", "simulated": true}}
{"timestamp": "2025-11-01T12:51:58.670108", "action": "scale_horizontal", "result": true, "details": {"success": true, "execution_time": 1.0003883838653564, "message": "Simulated scaling web_server to 3 instances", "simulated": true}}
{"timestamp": "2025-11-01T12:51:59.682285", "action": "scale_horizontal", "result": true, "details": {"success": true, "execution_time": 1.0003993511199951, "message": "Simulated scaling api_service to 3 instances", "simulated": true}}
{"timestamp": "2025-11-01T12:52:41.184517", "action": "scale_horizontal", "result": true, "details": {"success": true, "execution_time": 1.0003695487976074, "message": "Simulated scaling web_server to 3 instances", "simulated": true}}
{"timestamp": "2025-11-01T12:52:42.196927", "action": "scale_horizontal", "result": true, "details": {"success": true, "execution_time": 1.0003652572631836, "message": "Simulated scaling api_service to 3 instances", "simulated": true}}
{"timestamp": "2025-11-01T12:52:42.255875", "action": "scale_horizontal", "result": true, "details": {"success": true, "execution_time": 1.0002665519714355, "message": "Simulated scaling web_server to 3 instances", "simulated": true}}
{"timestamp": "2025-11-01T12:52:43.268365", "action": "scale_horizontal", "result": true, "details": {"success": true, "execution_time": 1.0003118515014648, "message": "Simulated scaling api_service to 3 instances", "simulated": true}}
{"timestamp": "2025-11-01T12:53:29.810280", "action": "scale_horizontal", "result": true, "details": {"success": true, "execution_time": 1.0005974769592285, "message": "Simulated scaling web_server to 3 instances", "simulated": true}}
{"timestamp": "2025-11-01T12:53:30.823560", "action": "scale_horizontal", "result": true, "details": {"success": true, "execution_time": 1.0003602504730225, "message": "Simulated scaling api_service to 3 instances", "simulated": true}}
{"timestamp": "2025-11-01T12:53:30.883504", "action": "scale_horizontal", "result": true, "details": {"success": true, "execution_time": 1.000314474105835, "message": "Simulated scaling web_server to 3 instances", "simulated": true}}
{"timestamp": "2025-11-01T12:53:31.897065", "action": "scale_horizontal", "result": true, "details": {"success": true, "execution_time": 1.000455617904663, "message": "Simulated scaling api_service to 3 instances", "simulated": true}}
{"timestamp": "2025-11-01T12:54:18.503028", "action": "scale_horizontal", "result": true, "details": {"success": true, "execution_time": 1.0002753734588623, "message": "Simulated scaling web_server to 3 instances", "simulated": true}}
{"timestamp": "2025-11-01T12:54:19.413812", "action": "scale_horizontal", "result": true, "details": {"success": true, "execution_time": 1.0003209114074707, "message": "Simulated scaling web_server to 3 instances", "simulated": true}}
{"timestamp": "2025-11-01T12:54:19.515826", "action": "scale_horizontal", "result": true, "details": {"success": true, "execution_time": 1.000572919845581, "message": "Simulated scaling api_service to 3 instances", "simulated": true}}
{"timestamp": "2025-11-01T12:55:02.233385", "action": "scale_horizontal", "result": true, "details": {"success": true, "execution_time": 1.0003612041473389, "message": "Simulated scaling web_server to 3 instances", "simulated": true}}
{"timestamp": "2025-11-01T12:55:02.285191", "action": "scale_horizontal", "result": true, "details": {"success": true, "execution_time": 1.000340461730957, "message": "Simulated scaling web_server to 3 instances", "simulated": true}}
{"timestamp": "2025-11-01T12:55:02.309308", "action": "restart_service_graceful", "result": false, "details": {"success": false, "execution_time": 0.06184530258178711, "message": "Failed to restart api_service", "error": "'pm2' is not recognized as an internal or external command,\noperable program or batch file.\n"}}
{"timestamp": "2025-11-01T12:55:03.297512", "action": "scale_horizontal", "result": true, "details": {"success": true, "execution_time": 1.000601053237915, "message": "Simulated scaling api_service to 3 instances", "simulated": true}}
{"timestamp": "2025-11-01T12:55:44.829483", "action": "scale_horizontal", "result": true, "details": {"success": true, "execution_time": 1.0004289150238037, "message": "Simulated scaling web_server to 3 instances", "simulated": true}}
{"timestamp": "2025-11-01T12:55:45.836088", "action": "scale_horizontal", "result": true, "details": {"success": true, "execution_time": 1.0006215572357178, "message": "Simulated scaling web_server to 3 instances", "simulated": true}}
{"timestamp": "2025-11-01T12:55:45.843427", "action": "scale_horizontal", "result": true, "details": {"success": true, "execution_time": 1.000551462173462, "message": "Simulated scaling api_service to 3 instances", "simulated": true}}
{"timestamp": "2025-11-01T12:55:46.850444", "action": "scale_horizontal", "result": true, "details": {"success": true, "execution_time": 1.000380277633667, "message": "Simulated scaling api_service to 3 instances", "simulated": true}}
{"timestamp": "2025-11-01T12:56:32.404953", "action": "restart_service_graceful", "result": false, "details": {"success": false, "execution_time": 0.06071639060974121, "message": "Failed to restart web_server", "error": "'systemctl' is not recognized as an internal or external command,\noperable program or batch file.\n"}}
{"timestamp": "2025-11-01T12:56:33.418159", "action": "scale_horizontal", "result": true, "details": {"success": true, "execution_time": 1.0006301403045654, "message": "Simulated scaling api_service to 3 instances", "simulated": true}}
{"timestamp": "2025-11-01T12:56:34.403607", "action": "scale_horizontal", "result": true, "details": {"success": true, "execution_time": 1.000507116317749, "message": "Simulated scaling web_server to 3 instances", "simulated": true}}
{"timestamp": "2025-11-01T12:56:34.474147", "action": "restart_service_graceful", "result": false, "details": {"success": false, "execution_time": 0.059226274490356445, "message": "Failed to restart api_service", "error": "'pm2' is not recognized as an internal or external command,\noperable program or batch file.\n"}}
{"timestamp": "2025-11-01T12:57:20.979874", "action": "scale_horizontal", "result": true, "details": {"success": true, "execution_time": 1.0004289150238037, "message": "Simulated scaling web_server to 3 instances", "simulated": true}}
{"timestamp": "2025-11-01T12:57:21.991345", "action": "scale_horizontal", "result": true, "details": {"success": true, "execution_time": 1.0003082752227783, "message": "Simulated scaling api_service to 3 instances", "simulated": true}}
{"timestamp": "2025-11-01T12:57:22.020613", "action": "scale_horizontal", "result": true, "details": {"success": true, "execution_time": 1.0001935958862305, "message": "Simulated scaling web_server to 3 instances", "simulated": true}}
{"timestamp": "2025-11-01T12:57:23.032955", "action": "scale_horizontal", "result": true, "details": {"success": true, "execution_time": 1.0002119541168213, "message": "Simulated scaling api_service to 3 instances", "simulated": true}}
{"timestamp": "2025-11-01T12:58:04.466726", "action": "scale_horizontal", "result": true, "details": {"success": true, "execution_time": 1.0005590915679932, "message": "Simulated scaling web_server to 3 instances", "simulated": true}}
{"timestamp": "2025-11-01T12:58:04.757304", "action": "rollback_deployment", "result": false, "details": {"success": false, "execution_time": 0.27808403968811035, "message": "Rollback failed for api_service", "commands_executed": [{"command": "git log --oneline -n 5", "returncode": 0, "stdout": "1ab5fec first commit\n", "stderr": ""}, {"command": "git reset --hard HEAD~1", "returncode": 128, "stdout": "", "stderr": "fatal: ambiguous argument 'HEAD~1': unknown revision or path not in the working tree.\nUse '--' to separate paths from revisions, like this:\n'git <command> [<revision>...] -- [<file>...]'\n"}, {"command": "docker-compose up -d api_service", "returncode": 1, "stdout": "", "stderr": "'docker-compose' is not recognized as an internal or external command,\noperable program or batch file.\n"}]}}
{"timestamp": "2025-11-01T12:58:05.551498", "action": "scale_horizontal", "result": true, "details": {"success": true, "execution_time": 1.000535249710083, "message": "Simulated scaling web_server to 3 instances", "simulated": true}}
{"timestamp": "2025-11-01T12:58:06.563450", "action": "scale_horizontal", "result": true, "details": {"success": true, "execution_time": 1.0005991458892822, "message": "Simulated scaling api_service to 3 instances", "simulated": true}}
{"timestamp": "2025-11-01T12:58:47.247670", "action": "scale_horizontal", "result": true, "details": {"success": true, "execution_time": 1.0002737045288086, "message": "Simulated scaling web_server to 3 instances", "simulated": true}}
{"timestamp": "2025-11-01T12:58:48.259587", "action": "scale_horizontal", "result": true, "details": {"success": true, "execution_time": 1.0001871585845947, "message": "Simulated scaling api_service to 3 instances", "simulated": true}}
{"timestamp": "2025-11-01T12:58:49.014037", "action": "scale_horizontal", "result": true, "details": {"success": true, "execution_time": 1.000631332397461, "message": "Simulated scaling web_server to 3 instances", "simulated": true}}
{"timestamp": "2025-11-01T12:58:50.026835", "action": "scale_horizontal", "result": true, "details": {"success": true, "execution_time": 1.0005543231964111, "message": "Simulated scaling api_service to 3 instances", "simulated": true}}
{"timestamp": "2025-11-01T12:59:35.780864", "action": "scale_horizontal", "result": true, "details": {"success": true, "execution_time": 1.000293254852295, "message": "Simulated scaling web_server to 3 instances", "simulated": true}}
{"timestamp": "2025-11-01T12:59:36.792927", "action": "scale_horizontal", "result": true, "details": {"success": true, "execution_time": 1.0004582405090332, "message": "Simulated scaling api_service to 3 instances", "simulated": true}}
{"timestamp": "2025-11-01T12:59:37.598153", "action": "scale_horizontal", "result": true, "details": {"success": true, "execution_time": 1.0001990795135498, "message": "Simulated scaling web_server to 3 instances", "simulated": true}}
{"timestamp": "2025-11-01T12:59:38.610659", "action": "scale_horizontal", "result": true, "details": {"success": true, "execution_time": 1.0005996227264404, "message": "Simulated scaling api_service to 3 instances", "simulated": true}}
{"timestamp": "2025-11-01T13:00:24.314298", "action": "scale_horizontal", "result": true, "details": {"success": true, "execution_time": 1.0005738735198975, "message": "Simulated scaling web_server to 3 instances", "simulated": true}}
{"timestamp": "2025-11-01T13:00:25.327235", "action": "scale_horizontal", "result": true, "details": {"success": true, "execution_time": 1.0005607604980469, "message": "Simulated scaling api_service to 3 instances", "simulated": true}}
{"timestamp": "2025-11-01T13:00:26.119790", "action": "scale_horizontal", "result": true, "details": {"success": true, "execution_time": 1.0001332759857178, "message": "Simulated scaling web_server to 3 instances", "simulated": true}}
{"timestamp": "2025-11-01T13:00:27.133393", "action": "scale_horizontal", "result": true, "details": {"success": true, "execution_time": 1.0004925727844238, "message": "Simulated scaling api_service to 3 instances", "simulated": true}}
{"timestamp": "2025-11-01T13:01:07.889907", "action": "scale_horizontal", "result": true, "details": {"success": true, "execution_time": 1.0003228187561035, "message": "Simulated scaling web_server to 3 instances", "simulated": true}}
{"timestamp": "2025-11-01T13:01:08.905207", "action": "scale_horizontal", "result": true, "details": {"success": true, "execution_time": 1.0004520416259766, "message": "Simulated scaling api_service to 3 instances", "simulated": true}}
{"timestamp": "2025-11-01T13:01:09.675356", "action": "scale_horizontal", "result": true, "details": {"success": true, "execution_time": 1.0004794597625732, "message": "Simulated scaling web_server to 3 instances", "simulated": true}}
{"timestamp": "2025-11-01T13:01:10.688627", "action": "scale_horizontal", "result": true, "details": {"success": true, "execution_time": 1.0005109310150146, "message": "Simulated scaling api_service to 3 instances", "simulated": true}}
{"timestamp": "2025-11-01T13:01:51.489034", "action": "scale_horizontal", "result": true, "details": {"success": true, "execution_time": 1.0001909732818604, "message": "Simulated scaling web_server to 3 instances", "simulated": true}}
{"timestamp": "2025-11-01T13:01:52.308817", "action": "restart_service_graceful", "result": false, "details": {"success": false, "execution_time": 0.057431697845458984, "message": "Failed to restart web_server", "error": "'systemctl' is not recognized as an internal or external command,\noperable program or batch file.\n"}}
{"timestamp": "2025-11-01T13:01:52.502215", "action": "scale_horizontal", "result": true, "details": {"success": true, "execution_time": 1.0004956722259521, "message": "Simulated scaling api_service to 3 instances", "simulated": true}}
{"timestamp": "2025-11-01T13:01:53.321118", "action": "scale_horizontal", "result": true, "details": {"success": true, "execution_time": 1.0002238750457764, "message": "Simulated scaling api_service to 3 instances", "simulated": true}}
{"timestamp": "2025-11-01T13:02:40.025353", "action": "scale_horizontal", "result": true, "details": {"success": true, "execution_time": 1.000175952911377, "message": "Simulated scaling web_server to 3 instances", "simulated": true}}
{"timestamp": "2025-11-01T13:02:40.888185", "action": "scale_horizontal", "result": true, "details": {"success": true, "execution_time": 1.0002086162567139, "message": "Simulated scaling web_server to 3 instances", "simulated": true}}
{"timestamp": "2025-11-01T13:02:41.037151", "action": "scale_horizontal", "result": true, "details": {"success": true, "execution_time": 1.0002601146697998, "message": "Simulated scaling api_service to 3 instances", "simulated": true}}
{"timestamp": "2025-11-01T13:02:41.899709", "action": "scale_horizontal", "result": true, "details": {"success": true, "execution_time": 1.0003817081451416, "message": "Simulated scaling api_service to 3 instances", "simulated": true}}
{"timestamp": "2025-11-01T13:03:28.585195", "action": "scale_horizontal", "result": true, "details": {"success": true, "execution_time": 1.0005428791046143, "message": "Simulated scaling web_server to 3 instances", "simulated": true}}
{"timestamp": "2025-11-01T13:03:29.439892", "action": "scale_horizontal", "result": true, "details": {"success": true, "execution_time": 1.000352144241333, "message": "Simulated scaling web_server to 3 instances", "simulated": true}}
{"timestamp": "2025-11-01T13:03:29.597998", "action": "scale_horizontal", "result": true, "details": {"success": true, "execution_time": 1.0002813339233398, "message": "Simulated scaling api_service to 3 instances", "simulated": true}}
{"timestamp": "2025-11-01T13:03:30.454321", "action": "scale_horizontal", "result": true, "details": {"success": true, "execution_time": 1.000321865081787, "message": "Simulated scaling api_service to 3 instances", "simulated": true}}
{"timestamp": "2025-11-01T13:04:12.019765", "action": "restart_service_graceful", "result": false, "details": {"success": false, "execution_time": 0.06145882606506348, "message": "Failed to restart web_server", "error": "'systemctl' is not recognized as an internal or external command,\noperable program or batch file.\n"}}
{"timestamp": "2025-11-01T13:04:12.126568", "action": "scale_horizontal", "result": true, "details": {"success": true, "execution_time": 1.000148057937622, "message": "Simulated scaling web_server to 3 instances", "simulated": true}}
{"timestamp": "2025-11-01T13:04:13.032626", "action": "scale_horizontal", "result": true, "details": {"success": true, "execution_time": 1.0002098083496094, "message": "Simulated scaling api_service to 3 instances", "simulated": true}}
{"timestamp": "2025-11-01T13:04:13.140245", "action": "scale_horizontal", "result": true, "details": {"success": true, "execution_time": 1.0005381107330322, "message": "Simulated scaling api_service to 3 instances", "simulated": true}}
